<?xml version="1.0" encoding="UTF-8"?>
<!-- Generated by org.testng.reporters.JUnitReportReporter -->
<testsuite hostname="DESKTOP-RVC0DF7" failures="1" tests="5" name="IntegrationTestCases.TC_01CreateProductAsAdminVerifyTest" time="110.585" errors="0" timestamp="2023-01-06T11:47:20 IST" skipped="4">
  <testcase classname="IntegrationTestCases.TC_01CreateProductAsAdminVerifyTest" name="CreateProductToProductList" time="22.119">
    <skipped/>
  </testcase> <!-- CreateProductToProductList -->
  <system-out/>
  <testcase classname="IntegrationTestCases.TC_01CreateProductAsAdminVerifyTest" name="CreateProductToProductList" time="21.859">
    <failure message="Black For12estabcdis not found expected [true] but found [false]" type="java.lang.AssertionError">
      <![CDATA[java.lang.AssertionError: Black For12estabcdis not found expected [true] but found [false]
at org.testng.Assert.fail(Assert.java:110)
at org.testng.Assert.failNotEquals(Assert.java:1413)
at org.testng.Assert.assertTrue(Assert.java:56)
at IntegrationTestCases.TC_01CreateProductAsAdminVerifyTest.CreateProductToProductList(TC_01CreateProductAsAdminVerifyTest.java:38)
at java.base/jdk.internal.reflect.NativeMethodAccessorImpl.invoke0(Native Method)
at java.base/jdk.internal.reflect.NativeMethodAccessorImpl.invoke(NativeMethodAccessorImpl.java:62)
at java.base/jdk.internal.reflect.DelegatingMethodAccessorImpl.invoke(DelegatingMethodAccessorImpl.java:43)
at java.base/java.lang.reflect.Method.invoke(Method.java:566)
at org.testng.internal.invokers.MethodInvocationHelper.invokeMethod(MethodInvocationHelper.java:139)
at org.testng.internal.invokers.TestInvoker.invokeMethod(TestInvoker.java:677)
at org.testng.internal.invokers.TestInvoker.retryFailed(TestInvoker.java:263)
at org.testng.internal.invokers.MethodRunner.runInSequence(MethodRunner.java:62)
at org.testng.internal.invokers.TestInvoker$MethodInvocationAgent.invoke(TestInvoker.java:969)
at org.testng.internal.invokers.TestInvoker.invokeTestMethods(TestInvoker.java:194)
at org.testng.internal.invokers.TestMethodWorker.invokeTestMethods(TestMethodWorker.java:148)
at org.testng.internal.invokers.TestMethodWorker.run(TestMethodWorker.java:128)
at java.base/java.util.ArrayList.forEach(ArrayList.java:1541)
at org.testng.TestRunner.privateRun(TestRunner.java:829)
at org.testng.TestRunner.run(TestRunner.java:602)
at org.testng.SuiteRunner.runTest(SuiteRunner.java:437)
at org.testng.SuiteRunner.runSequentially(SuiteRunner.java:431)
at org.testng.SuiteRunner.privateRun(SuiteRunner.java:391)
at org.testng.SuiteRunner.run(SuiteRunner.java:330)
at org.testng.SuiteRunnerWorker.runSuite(SuiteRunnerWorker.java:52)
at org.testng.SuiteRunnerWorker.run(SuiteRunnerWorker.java:95)
at org.testng.TestNG.runSuitesSequentially(TestNG.java:1256)
at org.testng.TestNG.runSuitesLocally(TestNG.java:1176)
at org.testng.TestNG.runSuites(TestNG.java:1099)
at org.testng.TestNG.run(TestNG.java:1067)
at org.testng.remote.AbstractRemoteTestNG.run(AbstractRemoteTestNG.java:115)
at org.testng.remote.RemoteTestNG.initAndRun(RemoteTestNG.java:251)
at org.testng.remote.RemoteTestNG.main(RemoteTestNG.java:77)
]]>
    </failure>
  </testcase> <!-- CreateProductToProductList -->
  <system-out/>
  <testcase classname="IntegrationTestCases.TC_01CreateProductAsAdminVerifyTest" name="CreateProductToProductList" time="22.845">
    <skipped/>
  </testcase> <!-- CreateProductToProductList -->
  <system-out/>
  <testcase classname="IntegrationTestCases.TC_01CreateProductAsAdminVerifyTest" name="CreateProductToProductList" time="21.894">
    <skipped/>
  </testcase> <!-- CreateProductToProductList -->
  <system-out/>
  <testcase classname="IntegrationTestCases.TC_01CreateProductAsAdminVerifyTest" name="CreateProductToProductList" time="21.868">
    <skipped/>
  </testcase> <!-- CreateProductToProductList -->
  <system-out/>
</testsuite> <!-- IntegrationTestCases.TC_01CreateProductAsAdminVerifyTest -->
